[06-Feb-2017 18:15:44 UTC] PHP Warning:  require_once(./config.php): failed to open stream: No such file or directory in /home/ubuntu/workspace/functions/login.php on line 2
[06-Feb-2017 18:15:44 UTC] PHP Stack trace:
[06-Feb-2017 18:15:44 UTC] PHP   1. {main}() /home/ubuntu/workspace/functions/login.php:0
[06-Feb-2017 18:15:44 UTC] PHP Fatal error:  require_once(): Failed opening required './config.php' (include_path='.:/usr/share/php:/usr/share/pear') in /home/ubuntu/workspace/functions/login.php on line 2
[06-Feb-2017 18:15:44 UTC] PHP Stack trace:
[06-Feb-2017 18:15:44 UTC] PHP   1. {main}() /home/ubuntu/workspace/functions/login.php:0
[06-Feb-2017 18:16:42 UTC] PHP Fatal error:  Class 'User' not found in /home/ubuntu/workspace/functions/login.php on line 7
[06-Feb-2017 18:16:42 UTC] PHP Stack trace:
[06-Feb-2017 18:16:42 UTC] PHP   1. {main}() /home/ubuntu/workspace/functions/login.php:0
[06-Feb-2017 18:16:43 UTC] PHP Fatal error:  Class 'User' not found in /home/ubuntu/workspace/functions/login.php on line 7
[06-Feb-2017 18:16:43 UTC] PHP Stack trace:
[06-Feb-2017 18:16:43 UTC] PHP   1. {main}() /home/ubuntu/workspace/functions/login.php:0
[06-Feb-2017 18:16:44 UTC] PHP Fatal error:  Class 'User' not found in /home/ubuntu/workspace/functions/login.php on line 7
[06-Feb-2017 18:16:44 UTC] PHP Stack trace:
[06-Feb-2017 18:16:44 UTC] PHP   1. {main}() /home/ubuntu/workspace/functions/login.php:0
[06-Feb-2017 18:16:45 UTC] PHP Fatal error:  Class 'User' not found in /home/ubuntu/workspace/functions/login.php on line 7
[06-Feb-2017 18:16:45 UTC] PHP Stack trace:
[06-Feb-2017 18:16:45 UTC] PHP   1. {main}() /home/ubuntu/workspace/functions/login.php:0
[06-Feb-2017 18:16:45 UTC] PHP Fatal error:  Class 'User' not found in /home/ubuntu/workspace/functions/login.php on line 7
[06-Feb-2017 18:16:45 UTC] PHP Stack trace:
[06-Feb-2017 18:16:45 UTC] PHP   1. {main}() /home/ubuntu/workspace/functions/login.php:0
[06-Feb-2017 18:16:46 UTC] PHP Fatal error:  Class 'User' not found in /home/ubuntu/workspace/functions/login.php on line 7
[06-Feb-2017 18:16:46 UTC] PHP Stack trace:
[06-Feb-2017 18:16:46 UTC] PHP   1. {main}() /home/ubuntu/workspace/functions/login.php:0
[06-Feb-2017 18:18:46 UTC] PHP Fatal error:  Class 'User' not found in /home/ubuntu/workspace/functions/login.php on line 7
[06-Feb-2017 18:18:46 UTC] PHP Stack trace:
[06-Feb-2017 18:18:46 UTC] PHP   1. {main}() /home/ubuntu/workspace/functions/login.php:0
[06-Feb-2017 18:33:09 UTC] PHP Warning:  require_once(config.php): failed to open stream: No such file or directory in /home/ubuntu/workspace/functions/logout.php on line 2
[06-Feb-2017 18:33:09 UTC] PHP Stack trace:
[06-Feb-2017 18:33:09 UTC] PHP   1. {main}() /home/ubuntu/workspace/functions/logout.php:0
[06-Feb-2017 18:33:09 UTC] PHP Fatal error:  require_once(): Failed opening required 'config.php' (include_path='.:/usr/share/php:/usr/share/pear') in /home/ubuntu/workspace/functions/logout.php on line 2
[06-Feb-2017 18:33:09 UTC] PHP Stack trace:
[06-Feb-2017 18:33:09 UTC] PHP   1. {main}() /home/ubuntu/workspace/functions/logout.php:0
[06-Feb-2017 18:33:57 UTC] PHP Warning:  require_once(class_lib.php): failed to open stream: No such file or directory in /home/ubuntu/workspace/functions/login.php on line 2
[06-Feb-2017 18:33:57 UTC] PHP Stack trace:
[06-Feb-2017 18:33:57 UTC] PHP   1. {main}() /home/ubuntu/workspace/functions/login.php:0
[06-Feb-2017 18:33:57 UTC] PHP Fatal error:  require_once(): Failed opening required 'class_lib.php' (include_path='.:/usr/share/php:/usr/share/pear') in /home/ubuntu/workspace/functions/login.php on line 2
[06-Feb-2017 18:33:57 UTC] PHP Stack trace:
[06-Feb-2017 18:33:57 UTC] PHP   1. {main}() /home/ubuntu/workspace/functions/login.php:0
[09-Feb-2017 16:00:00 UTC] PHP Warning:  require_once(./class_lib.php): failed to open stream: No such file or directory in /home/ubuntu/workspace/functions/clientHandler.php on line 3
[09-Feb-2017 16:00:00 UTC] PHP Stack trace:
[09-Feb-2017 16:00:00 UTC] PHP   1. {main}() /home/ubuntu/workspace/functions/clientHandler.php:0
[09-Feb-2017 16:00:00 UTC] PHP Fatal error:  require_once(): Failed opening required './class_lib.php' (include_path='.:/usr/share/php:/usr/share/pear') in /home/ubuntu/workspace/functions/clientHandler.php on line 3
[09-Feb-2017 16:00:00 UTC] PHP Stack trace:
[09-Feb-2017 16:00:00 UTC] PHP   1. {main}() /home/ubuntu/workspace/functions/clientHandler.php:0
[10-Feb-2017 21:34:10 UTC] PHP Fatal error:  Call to undefined method ClientServices::find() in /home/ubuntu/workspace/functions/clientHandler.php on line 16
[10-Feb-2017 21:34:10 UTC] PHP Stack trace:
[10-Feb-2017 21:34:10 UTC] PHP   1. {main}() /home/ubuntu/workspace/functions/clientHandler.php:0
[13-Feb-2017 18:54:11 UTC] PHP Warning:  Variable passed to each() is not an array or object in /home/ubuntu/workspace/functions/clientHandler.php on line 22
[13-Feb-2017 18:54:11 UTC] PHP Stack trace:
[13-Feb-2017 18:54:11 UTC] PHP   1. {main}() /home/ubuntu/workspace/functions/clientHandler.php:0
[13-Feb-2017 18:54:11 UTC] PHP   2. each() /home/ubuntu/workspace/functions/clientHandler.php:22
[22-Feb-2017 21:41:57 UTC] PHP Warning:  mysqli_real_escape_string() expects parameter 1 to be mysqli, integer given in /home/ubuntu/workspace/class_lib.php on line 365
[22-Feb-2017 21:41:57 UTC] PHP Stack trace:
[22-Feb-2017 21:41:57 UTC] PHP   1. {main}() /home/ubuntu/workspace/functions/projectHandler.php:0
[22-Feb-2017 21:41:57 UTC] PHP   2. Project::add() /home/ubuntu/workspace/functions/projectHandler.php:13
[22-Feb-2017 21:41:57 UTC] PHP   3. mysqli_real_escape_string() /home/ubuntu/workspace/class_lib.php:365
[22-Feb-2017 21:41:58 UTC] PHP Warning:  mysqli_real_escape_string() expects parameter 1 to be mysqli, integer given in /home/ubuntu/workspace/class_lib.php on line 365
[22-Feb-2017 21:41:58 UTC] PHP Stack trace:
[22-Feb-2017 21:41:58 UTC] PHP   1. {main}() /home/ubuntu/workspace/functions/projectHandler.php:0
[22-Feb-2017 21:41:58 UTC] PHP   2. Project::add() /home/ubuntu/workspace/functions/projectHandler.php:13
[22-Feb-2017 21:41:58 UTC] PHP   3. mysqli_real_escape_string() /home/ubuntu/workspace/class_lib.php:365
[22-Feb-2017 21:41:59 UTC] PHP Warning:  mysqli_real_escape_string() expects parameter 1 to be mysqli, integer given in /home/ubuntu/workspace/class_lib.php on line 365
[22-Feb-2017 21:41:59 UTC] PHP Stack trace:
[22-Feb-2017 21:41:59 UTC] PHP   1. {main}() /home/ubuntu/workspace/functions/projectHandler.php:0
[22-Feb-2017 21:41:59 UTC] PHP   2. Project::add() /home/ubuntu/workspace/functions/projectHandler.php:13
[22-Feb-2017 21:41:59 UTC] PHP   3. mysqli_real_escape_string() /home/ubuntu/workspace/class_lib.php:365
[22-Feb-2017 21:41:59 UTC] PHP Warning:  mysqli_real_escape_string() expects parameter 1 to be mysqli, integer given in /home/ubuntu/workspace/class_lib.php on line 365
[22-Feb-2017 21:41:59 UTC] PHP Stack trace:
[22-Feb-2017 21:41:59 UTC] PHP   1. {main}() /home/ubuntu/workspace/functions/projectHandler.php:0
[22-Feb-2017 21:41:59 UTC] PHP   2. Project::add() /home/ubuntu/workspace/functions/projectHandler.php:13
[22-Feb-2017 21:41:59 UTC] PHP   3. mysqli_real_escape_string() /home/ubuntu/workspace/class_lib.php:365
[22-Feb-2017 21:42:00 UTC] PHP Warning:  mysqli_real_escape_string() expects parameter 1 to be mysqli, integer given in /home/ubuntu/workspace/class_lib.php on line 365
[22-Feb-2017 21:42:00 UTC] PHP Stack trace:
[22-Feb-2017 21:42:00 UTC] PHP   1. {main}() /home/ubuntu/workspace/functions/projectHandler.php:0
[22-Feb-2017 21:42:00 UTC] PHP   2. Project::add() /home/ubuntu/workspace/functions/projectHandler.php:13
[22-Feb-2017 21:42:00 UTC] PHP   3. mysqli_real_escape_string() /home/ubuntu/workspace/class_lib.php:365
[22-Feb-2017 21:42:00 UTC] PHP Warning:  mysqli_real_escape_string() expects parameter 1 to be mysqli, integer given in /home/ubuntu/workspace/class_lib.php on line 365
[22-Feb-2017 21:42:00 UTC] PHP Stack trace:
[22-Feb-2017 21:42:00 UTC] PHP   1. {main}() /home/ubuntu/workspace/functions/projectHandler.php:0
[22-Feb-2017 21:42:00 UTC] PHP   2. Project::add() /home/ubuntu/workspace/functions/projectHandler.php:13
[22-Feb-2017 21:42:00 UTC] PHP   3. mysqli_real_escape_string() /home/ubuntu/workspace/class_lib.php:365
[22-Feb-2017 21:42:31 UTC] PHP Warning:  mysqli_real_escape_string() expects parameter 1 to be mysqli, integer given in /home/ubuntu/workspace/class_lib.php on line 365
[22-Feb-2017 21:42:31 UTC] PHP Stack trace:
[22-Feb-2017 21:42:31 UTC] PHP   1. {main}() /home/ubuntu/workspace/functions/projectHandler.php:0
[22-Feb-2017 21:42:31 UTC] PHP   2. Project::add() /home/ubuntu/workspace/functions/projectHandler.php:14
[22-Feb-2017 21:42:31 UTC] PHP   3. mysqli_real_escape_string() /home/ubuntu/workspace/class_lib.php:365
[22-Feb-2017 21:42:32 UTC] PHP Warning:  mysqli_real_escape_string() expects parameter 1 to be mysqli, integer given in /home/ubuntu/workspace/class_lib.php on line 365
[22-Feb-2017 21:42:32 UTC] PHP Stack trace:
[22-Feb-2017 21:42:32 UTC] PHP   1. {main}() /home/ubuntu/workspace/functions/projectHandler.php:0
[22-Feb-2017 21:42:32 UTC] PHP   2. Project::add() /home/ubuntu/workspace/functions/projectHandler.php:14
[22-Feb-2017 21:42:32 UTC] PHP   3. mysqli_real_escape_string() /home/ubuntu/workspace/class_lib.php:365
[22-Feb-2017 21:47:58 UTC] PHP Warning:  mysqli_real_escape_string() expects parameter 1 to be mysqli, integer given in /home/ubuntu/workspace/class_lib.php on line 365
[22-Feb-2017 21:47:58 UTC] PHP Stack trace:
[22-Feb-2017 21:47:58 UTC] PHP   1. {main}() /home/ubuntu/workspace/functions/projectHandler.php:0
[22-Feb-2017 21:47:58 UTC] PHP   2. Project::add() /home/ubuntu/workspace/functions/projectHandler.php:14
[22-Feb-2017 21:47:58 UTC] PHP   3. mysqli_real_escape_string() /home/ubuntu/workspace/class_lib.php:365
[22-Feb-2017 21:53:41 UTC] PHP Warning:  mysqli_real_escape_string() expects parameter 1 to be mysqli, integer given in /home/ubuntu/workspace/class_lib.php on line 365
[22-Feb-2017 21:53:41 UTC] PHP Stack trace:
[22-Feb-2017 21:53:41 UTC] PHP   1. {main}() /home/ubuntu/workspace/functions/projectHandler.php:0
[22-Feb-2017 21:53:41 UTC] PHP   2. Project::add() /home/ubuntu/workspace/functions/projectHandler.php:14
[22-Feb-2017 21:53:41 UTC] PHP   3. mysqli_real_escape_string() /home/ubuntu/workspace/class_lib.php:365
